# JRE version: Java(TM) SE Runtime Environment (8.0_231-b11) (build 1.8.0_231-b11)
# Java VM: Java HotSpot(TM) 64-Bit Server VM (25.231-b11 mixed mode windows-amd64 compressed oops)
Heap:
 PSYoungGen      total 70144K, used 30108K [0x00000000d6580000, 0x00000000dea80000, 0x0000000100000000)
  eden space 62976K, 36% used [0x00000000d6580000,0x00000000d7beda78,0x00000000da300000)
  from space 7168K, 99% used [0x00000000dac80000,0x00000000db379798,0x00000000db380000)
  to   space 9728K, 0% used [0x00000000da300000,0x00000000da300000,0x00000000dac80000)
 ParOldGen       total 45568K, used 6969K [0x0000000083000000, 0x0000000085c80000, 0x00000000d6580000)
  object space 45568K, 15% used [0x0000000083000000,0x00000000836ce7f8,0x0000000085c80000)
 Metaspace       used 27645K, capacity 28454K, committed 28672K, reserved 1075200K
  class space    used 3609K, capacity 3811K, committed 3840K, reserved 1048576K
GC Heap History (10 events):
Event: 2.834 GC heap before
{Heap before GC invocations=5 (full 0):
 PSYoungGen      total 37888K, used 37841K [0x00000000d6580000, 0x00000000daf80000, 0x0000000100000000)
  eden space 32768K, 100% used [0x00000000d6580000,0x00000000d8580000,0x00000000d8580000)
  from space 5120K, 99% used [0x00000000d8a80000,0x00000000d8f74508,0x00000000d8f80000)
  to   space 5120K, 0% used [0x00000000d8580000,0x00000000d8580000,0x00000000d8a80000)
 ParOldGen       total 86016K, used 666K [0x0000000083000000, 0x0000000088400000, 0x00000000d6580000)
  object space 86016K, 0% used [0x0000000083000000,0x00000000830a6800,0x0000000088400000)
 Metaspace       used 17643K, capacity 18140K, committed 18304K, reserved 1064960K
  class space    used 2255K, capacity 2414K, committed 2432K, reserved 1048576K
Event: 2.840 GC heap after
Heap after GC invocations=5 (full 0):
 PSYoungGen      total 37888K, used 5100K [0x00000000d6580000, 0x00000000db380000, 0x0000000100000000)
  eden space 32768K, 0% used [0x00000000d6580000,0x00000000d6580000,0x00000000d8580000)
  from space 5120K, 99% used [0x00000000d8580000,0x00000000d8a7b228,0x00000000d8a80000)
  to   space 7168K, 0% used [0x00000000dac80000,0x00000000dac80000,0x00000000db380000)
 ParOldGen       total 86016K, used 1944K [0x0000000083000000, 0x0000000088400000, 0x00000000d6580000)
  object space 86016K, 2% used [0x0000000083000000,0x00000000831e6388,0x0000000088400000)
 Metaspace       used 17643K, capacity 18140K, committed 18304K, reserved 1064960K
  class space    used 2255K, capacity 2414K, committed 2432K, reserved 1048576K
}
Event: 3.088 GC heap before
{Heap before GC invocations=6 (full 0):
 PSYoungGen      total 37888K, used 37868K [0x00000000d6580000, 0x00000000db380000, 0x0000000100000000)
  eden space 32768K, 100% used [0x00000000d6580000,0x00000000d8580000,0x00000000d8580000)
  from space 5120K, 99% used [0x00000000d8580000,0x00000000d8a7b228,0x00000000d8a80000)
  to   space 7168K, 0% used [0x00000000dac80000,0x00000000dac80000,0x00000000db380000)
 ParOldGen       total 86016K, used 1944K [0x0000000083000000, 0x0000000088400000, 0x00000000d6580000)
  object space 86016K, 2% used [0x0000000083000000,0x00000000831e6388,0x0000000088400000)
 Metaspace       used 20361K, capacity 20996K, committed 21248K, reserved 1067008K
  class space    used 2597K, capacity 2752K, committed 2816K, reserved 1048576K
Event: 3.098 GC heap after
Heap after GC invocations=6 (full 0):
 PSYoungGen      total 71680K, used 7140K [0x00000000d6580000, 0x00000000db580000, 0x0000000100000000)
  eden space 64512K, 0% used [0x00000000d6580000,0x00000000d6580000,0x00000000da480000)
  from space 7168K, 99% used [0x00000000dac80000,0x00000000db379390,0x00000000db380000)
  to   space 8192K, 0% used [0x00000000da480000,0x00000000da480000,0x00000000dac80000)
 ParOldGen       total 86016K, used 2209K [0x0000000083000000, 0x0000000088400000, 0x00000000d6580000)
  object space 86016K, 2% used [0x0000000083000000,0x0000000083228788,0x0000000088400000)
 Metaspace       used 20361K, capacity 20996K, committed 21248K, reserved 1067008K
  class space    used 2597K, capacity 2752K, committed 2816K, reserved 1048576K
}
Event: 3.130 GC heap before
{Heap before GC invocations=7 (full 0):
 PSYoungGen      total 71680K, used 10661K [0x00000000d6580000, 0x00000000db580000, 0x0000000100000000)
  eden space 64512K, 5% used [0x00000000d6580000,0x00000000d68f0248,0x00000000da480000)
  from space 7168K, 99% used [0x00000000dac80000,0x00000000db379390,0x00000000db380000)
  to   space 8192K, 0% used [0x00000000da480000,0x00000000da480000,0x00000000dac80000)
 ParOldGen       total 86016K, used 2209K [0x0000000083000000, 0x0000000088400000, 0x00000000d6580000)
  object space 86016K, 2% used [0x0000000083000000,0x0000000083228788,0x0000000088400000)
 Metaspace       used 20605K, capacity 21174K, committed 21248K, reserved 1067008K
  class space    used 2630K, capacity 2763K, committed 2816K, reserved 1048576K
Event: 3.148 GC heap after
Heap after GC invocations=7 (full 0):
 PSYoungGen      total 72704K, used 2562K [0x00000000d6580000, 0x00000000db580000, 0x0000000100000000)
  eden space 64512K, 0% used [0x00000000d6580000,0x00000000d6580000,0x00000000da480000)
  from space 8192K, 31% used [0x00000000da480000,0x00000000da700bc8,0x00000000dac80000)
  to   space 7168K, 0% used [0x00000000dac80000,0x00000000dac80000,0x00000000db380000)
 ParOldGen       total 86016K, used 4835K [0x0000000083000000, 0x0000000088400000, 0x00000000d6580000)
  object space 86016K, 5% used [0x0000000083000000,0x00000000834b8dd0,0x0000000088400000)
 Metaspace       used 20605K, capacity 21174K, committed 21248K, reserved 1067008K
  class space    used 2630K, capacity 2763K, committed 2816K, reserved 1048576K
}
Event: 3.148 GC heap before
{Heap before GC invocations=8 (full 1):
 PSYoungGen      total 72704K, used 2562K [0x00000000d6580000, 0x00000000db580000, 0x0000000100000000)
  eden space 64512K, 0% used [0x00000000d6580000,0x00000000d6580000,0x00000000da480000)
  from space 8192K, 31% used [0x00000000da480000,0x00000000da700bc8,0x00000000dac80000)
  to   space 7168K, 0% used [0x00000000dac80000,0x00000000dac80000,0x00000000db380000)
 ParOldGen       total 86016K, used 4835K [0x0000000083000000, 0x0000000088400000, 0x00000000d6580000)
  object space 86016K, 5% used [0x0000000083000000,0x00000000834b8dd0,0x0000000088400000)
 Metaspace       used 20605K, capacity 21174K, committed 21248K, reserved 1067008K
  class space    used 2630K, capacity 2763K, committed 2816K, reserved 1048576K
Event: 3.207 GC heap after
Heap after GC invocations=8 (full 1):
 PSYoungGen      total 72704K, used 0K [0x00000000d6580000, 0x00000000db580000, 0x0000000100000000)
  eden space 64512K, 0% used [0x00000000d6580000,0x00000000d6580000,0x00000000da480000)
  from space 8192K, 0% used [0x00000000da480000,0x00000000da480000,0x00000000dac80000)
  to   space 7168K, 0% used [0x00000000dac80000,0x00000000dac80000,0x00000000db380000)
 ParOldGen       total 45568K, used 5033K [0x0000000083000000, 0x0000000085c80000, 0x00000000d6580000)
  object space 45568K, 11% used [0x0000000083000000,0x00000000834ea630,0x0000000085c80000)
 Metaspace       used 20605K, capacity 21174K, committed 21248K, reserved 1067008K
  class space    used 2630K, capacity 2763K, committed 2816K, reserved 1048576K
}
Event: 4.425 GC heap before
{Heap before GC invocations=9 (full 1):
 PSYoungGen      total 72704K, used 64512K [0x00000000d6580000, 0x00000000db580000, 0x0000000100000000)
  eden space 64512K, 100% used [0x00000000d6580000,0x00000000da480000,0x00000000da480000)
  from space 8192K, 0% used [0x00000000da480000,0x00000000da480000,0x00000000dac80000)
  to   space 7168K, 0% used [0x00000000dac80000,0x00000000dac80000,0x00000000db380000)
 ParOldGen       total 45568K, used 5033K [0x0000000083000000, 0x0000000085c80000, 0x00000000d6580000)
  object space 45568K, 11% used [0x0000000083000000,0x00000000834ea630,0x0000000085c80000)
 Metaspace       used 27029K, capacity 27766K, committed 28032K, reserved 1073152K
  class space    used 3528K, capacity 3699K, committed 3712K, reserved 1048576K
Event: 4.434 GC heap after
Heap after GC invocations=9 (full 1):
 PSYoungGen      total 70144K, used 7141K [0x00000000d6580000, 0x00000000dea80000, 0x0000000100000000)
  eden space 62976K, 0% used [0x00000000d6580000,0x00000000d6580000,0x00000000da300000)
  from space 7168K, 99% used [0x00000000dac80000,0x00000000db379798,0x00000000db380000)
  to   space 9728K, 0% used [0x00000000da300000,0x00000000da300000,0x00000000dac80000)
 ParOldGen       total 45568K, used 6969K [0x0000000083000000, 0x0000000085c80000, 0x00000000d6580000)
  object space 45568K, 15% used [0x0000000083000000,0x00000000836ce7f8,0x0000000085c80000)
 Metaspace       used 27029K, capacity 27766K, committed 28032K, reserved 1073152K
  class space    used 3528K, capacity 3699K, committed 3712K, reserved 1048576K
}

